PersistentStackVisualization.exe Information: 0 : 

Start app

 file: \MainWindow.xaml.cs member: .ctor line: 31
PersistentStackVisualization.exe Information: 0 : *************************** file: \MainWindow.xaml.cs member: .ctor line: 36
PersistentStackVisualization.exe Information: 0 : *************************** file: \MainWindow.xaml.cs member: .ctor line: 40
PersistentStackVisualization.exe Information: 0 : 1     file: \MainWindow.xaml.cs member: .ctor line: 42
PersistentStackVisualization.exe Information: 0 : *************************** file: \MainWindow.xaml.cs member: .ctor line: 44
PersistentStackVisualization.exe Information: 0 : 2     file: \MainWindow.xaml.cs member: .ctor line: 46
PersistentStackVisualization.exe Information: 0 : 

Start app

 file: \MainWindow.xaml.cs member: .ctor line: 31
PersistentStackVisualization.exe Information: 0 : *************************** file: \MainWindow.xaml.cs member: .ctor line: 36
PersistentStackVisualization.exe Information: 0 : *************************** file: \MainWindow.xaml.cs member: .ctor line: 40
PersistentStackVisualization.exe Information: 0 : 1     file: \MainWindow.xaml.cs member: .ctor line: 42
PersistentStackVisualization.exe Information: 0 : *************************** file: \MainWindow.xaml.cs member: .ctor line: 44
PersistentStackVisualization.exe Information: 0 : 2     file: \MainWindow.xaml.cs member: .ctor line: 46
PersistentStackVisualization.exe Information: 0 : 

Start app

 file: \MainWindow.xaml.cs member: .ctor line: 31
PersistentStackVisualization.exe Information: 0 : *************************** file: \MainWindow.xaml.cs member: .ctor line: 39
PersistentStackVisualization.exe Information: 0 : *************************** file: \MainWindow.xaml.cs member: .ctor line: 43
PersistentStackVisualization.exe Information: 0 : 1     file: \MainWindow.xaml.cs member: .ctor line: 45
PersistentStackVisualization.exe Information: 0 : *************************** file: \MainWindow.xaml.cs member: .ctor line: 47
PersistentStackVisualization.exe Information: 0 : 2     file: \MainWindow.xaml.cs member: .ctor line: 49
PersistentStackVisualization.exe Information: 0 : *************************** file: \MainWindow.xaml.cs member: .ctor line: 51
PersistentStackVisualization.exe Information: 0 : *************************** file: \MainWindow.xaml.cs member: .ctor line: 55
PersistentStackVisualization.exe Information: 0 : 3     file: \MainWindow.xaml.cs member: .ctor line: 57
PersistentStackVisualization.exe Information: 0 : 2     file: \MainWindow.xaml.cs member: .ctor line: 57
PersistentStackVisualization.exe Information: 0 : *************************** file: \MainWindow.xaml.cs member: .ctor line: 59
PersistentStackVisualization.exe Information: 0 : 10     file: \MainWindow.xaml.cs member: .ctor line: 61
PersistentStackVisualization.exe Information: 0 : 3     file: \MainWindow.xaml.cs member: .ctor line: 61
PersistentStackVisualization.exe Information: 0 : 2     file: \MainWindow.xaml.cs member: .ctor line: 61
PersistentStackVisualization.exe Information: 0 : 

Start app

 file: \MainWindow.xaml.cs member: .ctor line: 31
PersistentStackVisualization.exe Information: 0 : 

Start app

 file: \MainWindow.xaml.cs member: .ctor line: 31
PersistentStackVisualization.exe Information: 0 : 

Start app

 file: \MainWindow.xaml.cs member: .ctor line: 31
PersistentStackVisualization.exe Information: 0 : 

Start app

 file: \MainWindow.xaml.cs member: .ctor line: 31
PersistentStackVisualization.exe Information: 0 : 

Start app

 file: \MainWindow.xaml.cs member: .ctor line: 31
PersistentStackVisualization.exe Information: 0 : 

Start app

 file: \MainWindow.xaml.cs member: .ctor line: 31
PersistentStackVisualization.exe Information: 0 : 

Start app

 file: \MainWindow.xaml.cs member: .ctor line: 31
PersistentStackVisualization.exe Information: 0 : 

Start app

 file: \MainWindow.xaml.cs member: .ctor line: 31
PersistentStackVisualization.exe Information: 0 : 

Start app

 file: \MainWindow.xaml.cs member: .ctor line: 31
PersistentStackVisualization.exe Information: 0 : 

Start app

 file: \MainWindow.xaml.cs member: .ctor line: 31
PersistentStackVisualization.exe Information: 0 : 

Start app

 file: \MainWindow.xaml.cs member: .ctor line: 31
PersistentStackVisualization.exe Information: 0 : 

Start app

 file: \MainWindow.xaml.cs member: .ctor line: 31
PersistentStackVisualization.exe Information: 0 : 

Start app

 file: \MainWindow.xaml.cs member: .ctor line: 31
PersistentStackVisualization.exe Information: 0 : 

Start app

 file: \MainWindow.xaml.cs member: .ctor line: 31
PersistentStackVisualization.exe Information: 0 : 

Start app

 file: \MainWindow.xaml.cs member: .ctor line: 31
PersistentStackVisualization.exe Information: 0 : 

Start app

 file: \MainWindow.xaml.cs member: .ctor line: 31
PersistentStackVisualization.exe Information: 0 : 

Start app

 file: \MainWindow.xaml.cs member: .ctor line: 31
PersistentStackVisualization.exe Information: 0 : 

Start app

 file: \MainWindow.xaml.cs member: .ctor line: 31
PersistentStackVisualization.exe Information: 0 : 

Start app

 file: \MainWindow.xaml.cs member: .ctor line: 31
PersistentStackVisualization.exe Information: 0 : 

Start app

 file: \MainWindow.xaml.cs member: .ctor line: 31
PersistentStackVisualization.exe Information: 0 : 

Start app

 file: \MainWindow.xaml.cs member: .ctor line: 31
PersistentStackVisualization.exe Information: 0 : 

Start app

 file: \MainWindow.xaml.cs member: .ctor line: 31
PersistentStackVisualization.exe Information: 0 : 

Start app

 file: \MainWindow.xaml.cs member: .ctor line: 31
PersistentStackVisualization.exe Information: 0 : 

Start app

 file: \MainWindow.xaml.cs member: .ctor line: 31
PersistentStackVisualization.exe Information: 0 : 

Start app

 file: \MainWindow.xaml.cs member: .ctor line: 31
PersistentStackVisualization.exe Information: 0 : 

Start app

 file: \MainWindow.xaml.cs member: .ctor line: 31
PersistentStackVisualization.exe Information: 0 : 

Start app

 file: \MainWindow.xaml.cs member: .ctor line: 31
PersistentStackVisualization.exe Information: 0 : 

Start app

 file: \MainWindow.xaml.cs member: .ctor line: 31
PersistentStackVisualization.exe Information: 0 : 

Start app

 file: \MainWindow.xaml.cs member: .ctor line: 31
PersistentStackVisualization.exe Information: 0 : 

Start app

 file: \MainWindow.xaml.cs member: .ctor line: 31
PersistentStackVisualization.exe Information: 0 : 

Start app

 file: \MainWindow.xaml.cs member: .ctor line: 31
PersistentStackVisualization.exe Information: 0 : 

Start app

 file: \MainWindow.xaml.cs member: .ctor line: 31
PersistentStackVisualization.exe Information: 0 : 

Start app

 file: \MainWindow.xaml.cs member: .ctor line: 31
PersistentStackVisualization.exe Information: 0 : 

Start app

 file: \MainWindow.xaml.cs member: .ctor line: 31
PersistentStackVisualization.exe Information: 0 : 

Start app

 file: \MainWindow.xaml.cs member: .ctor line: 31
PersistentStackVisualization.exe Information: 0 : 

Start app

 file: \MainWindow.xaml.cs member: .ctor line: 31
PersistentStackVisualization.exe Information: 0 : 

Start app

 file: \MainWindow.xaml.cs member: .ctor line: 31
PersistentStackVisualization.exe Information: 0 : 

Start app

 file: \MainWindow.xaml.cs member: .ctor line: 31
PersistentStackVisualization.exe Information: 0 : 

Start app

 file: \MainWindow.xaml.cs member: .ctor line: 31
PersistentStackVisualization.exe Information: 0 : 

Start app

 file: \MainWindow.xaml.cs member: .ctor line: 31
PersistentStackVisualization.exe Information: 0 : 

Start app

 file: \MainWindow.xaml.cs member: .ctor line: 31
PersistentStackVisualization.exe Information: 0 : 

Start app

 file: \MainWindow.xaml.cs member: .ctor line: 31
PersistentStackVisualization.exe Information: 0 : 

Start app

 file: \MainWindow.xaml.cs member: .ctor line: 31
PersistentStackVisualization.exe Information: 0 : 

Start app

 file: \MainWindow.xaml.cs member: .ctor line: 31
PersistentStackVisualization.exe Information: 0 : 

Start app

 file: \MainWindow.xaml.cs member: .ctor line: 31
PersistentStackVisualization.exe Information: 0 : 

Start app

 file: \MainWindow.xaml.cs member: .ctor line: 31
PersistentStackVisualization.exe Information: 0 : 

Start app

 file: \MainWindow.xaml.cs member: .ctor line: 31
PersistentStackVisualization.exe Information: 0 : 

Start app

 file: \MainWindow.xaml.cs member: .ctor line: 31
PersistentStackVisualization.exe Information: 0 : 

Start app

 file: \MainWindow.xaml.cs member: .ctor line: 31
PersistentStackVisualization.exe Information: 0 : 

Start app

 file: \MainWindow.xaml.cs member: .ctor line: 31
PersistentStackVisualization.exe Information: 0 : 

Start app

 file: \MainWindow.xaml.cs member: .ctor line: 31
PersistentStackVisualization.exe Information: 0 : 

Start app

 file: \MainWindow.xaml.cs member: .ctor line: 31
PersistentStackVisualization.exe Information: 0 : 

Start app

 file: \MainWindow.xaml.cs member: .ctor line: 31
PersistentStackVisualization.exe Information: 0 : 

Start app

 file: \MainWindow.xaml.cs member: .ctor line: 31
PersistentStackVisualization.exe Information: 0 : 

Start app

 file: \MainWindow.xaml.cs member: .ctor line: 14
PersistentStackVisualization.exe Information: 0 : Push (0, 1) file: \ApplicationViewModel.cs member: AddVersion line: 89
PersistentStackVisualization.exe Error: 0 : # ERROR Version dose not exist file: \ApplicationViewModel.cs member: AddVersion line: 96
PersistentStackVisualization.exe Information: 0 : 

Start app

 file: \MainWindow.xaml.cs member: .ctor line: 14
PersistentStackVisualization.exe Information: 0 : 

Start app

 file: \MainWindow.xaml.cs member: .ctor line: 15
PersistentStackVisualization.exe Information: 0 : 

Start app

 file: \MainWindow.xaml.cs member: .ctor line: 15
PersistentStackVisualization.exe Information: 0 : Push (0, 1) file: \ApplicationViewModel.cs member: AddVersion line: 89
PersistentStackVisualization.exe Information: 0 : Push (1, 5) file: \ApplicationViewModel.cs member: AddVersion line: 89
PersistentStackVisualization.exe Error: 0 : # ERROR Version dose not exist file: \ApplicationViewModel.cs member: AddVersion line: 96
PersistentStackVisualization.exe Information: 0 : Destroy stack and clear paint area file: \ApplicationViewModel.cs member: DestroyStack line: 163
PersistentStackVisualization.exe Error: 0 : # ERROR Version dose not exist file: \ApplicationViewModel.cs member: AddVersion line: 96
PersistentStackVisualization.exe Information: 0 : Push (0, 5) file: \ApplicationViewModel.cs member: AddVersion line: 89
PersistentStackVisualization.exe Information: 0 : 

Start app

 file: \MainWindow.xaml.cs member: .ctor line: 15
PersistentStackVisualization.exe Information: 0 : 

Start app

 file: \MainWindow.xaml.cs member: .ctor line: 15
PersistentStackVisualization.exe Information: 0 : 

Start app

 file: \MainWindow.xaml.cs member: .ctor line: 15
PersistentStackVisualization.exe Information: 0 : 

Start app

 file: \MainWindow.xaml.cs member: .ctor line: 15
PersistentStackVisualization.exe Information: 0 : Push (0, 1) file: \ApplicationViewModel.cs member: AddVersion line: 103
PersistentStackVisualization.exe Information: 0 : Pop (1) file: \ApplicationViewModel.cs member: PopCommand line: 139
PersistentStackVisualization.exe Information: 0 : 

Start app

 file: \MainWindow.xaml.cs member: .ctor line: 15
PersistentStackVisualization.exe Information: 0 : Push (0, 1) file: \ApplicationViewModel.cs member: AddVersion line: 103
PersistentStackVisualization.exe Information: 0 : 

Start app

 file: \MainWindow.xaml.cs member: .ctor line: 15
PersistentStackVisualization.exe Information: 0 : Push (0, 1) file: \ApplicationViewModel.cs member: AddVersion line: 103
PersistentStackVisualization.exe Information: 0 : Destroy stack and clear paint area file: \ApplicationViewModel.cs member: DestroyStack line: 177
PersistentStackVisualization.exe Information: 0 : 

Start app

 file: \MainWindow.xaml.cs member: .ctor line: 15
PersistentStackVisualization.exe Information: 0 : 

Start app

 file: \MainWindow.xaml.cs member: .ctor line: 15
PersistentStackVisualization.exe Information: 0 : 

Start app

 file: \MainWindow.xaml.cs member: .ctor line: 15
PersistentStackVisualization.exe Information: 0 : 

Start app

 file: \MainWindow.xaml.cs member: .ctor line: 15
PersistentStackVisualization.exe Information: 0 : Push (0, 1) file: \ApplicationViewModel.cs member: AddVersion line: 103
PersistentStackVisualization.exe Information: 0 : 

Start app

 file: \MainWindow.xaml.cs member: .ctor line: 15
PersistentStackVisualization.exe Information: 0 : Push (0, 1) file: \ApplicationViewModel.cs member: AddVersion line: 103
PersistentStackVisualization.exe Information: 0 : 

Start app

 file: \MainWindow.xaml.cs member: .ctor line: 15
PersistentStackVisualization.exe Information: 0 : Push (0, 1) file: \ApplicationViewModel.cs member: AddVersion line: 103
PersistentStackVisualization.exe Information: 0 : Pop (1) file: \ApplicationViewModel.cs member: PopCommand line: 139
PersistentStackVisualization.exe Information: 0 : 

Start app

 file: \MainWindow.xaml.cs member: .ctor line: 15
PersistentStackVisualization.exe Information: 0 : Push (0, 1) file: \ApplicationViewModel.cs member: AddVersion line: 103
PersistentStackVisualization.exe Information: 0 : Pop (1) file: \ApplicationViewModel.cs member: PopCommand line: 139
PersistentStackVisualization.exe Information: 0 : 

Start app

 file: \MainWindow.xaml.cs member: .ctor line: 15
PersistentStackVisualization.exe Information: 0 : 

Start app

 file: \MainWindow.xaml.cs member: .ctor line: 15
PersistentStackVisualization.exe Information: 0 : 

Start app

 file: \MainWindow.xaml.cs member: .ctor line: 15
PersistentStackVisualization.exe Information: 0 : 

Start app

 file: \MainWindow.xaml.cs member: .ctor line: 15
PersistentStackVisualization.exe Information: 0 : 

Start app

 file: \MainWindow.xaml.cs member: .ctor line: 15
PersistentStackVisualization.exe Information: 0 : 

Start app

 file: \MainWindow.xaml.cs member: .ctor line: 15
PersistentStackVisualization.exe Information: 0 : 

Start app

 file: \MainWindow.xaml.cs member: .ctor line: 15
PersistentStackVisualization.exe Information: 0 : 

Start app

 file: \MainWindow.xaml.cs member: .ctor line: 15
PersistentStackVisualization.exe Information: 0 : Push (0, 1) file: \ApplicationViewModel.cs member: AddVersion line: 103
PersistentStackVisualization.exe Information: 0 : Push (1, 4) file: \ApplicationViewModel.cs member: AddVersion line: 103
PersistentStackVisualization.exe Information: 0 : Pop (2) file: \ApplicationViewModel.cs member: PopCommand line: 139
PersistentStackVisualization.exe Information: 0 : Console has cleaned file: \ApplicationViewModel.cs member: CleanConsole line: 238
PersistentStackVisualization.exe Information: 0 : 

Start app

 file: \MainWindow.xaml.cs member: .ctor line: 15
PersistentStackVisualization.exe Information: 0 : Push (0, 1) file: \ApplicationViewModel.cs member: AddVersion line: 102
PersistentStackVisualization.exe Information: 0 : Push (1, 23) file: \ApplicationViewModel.cs member: AddVersion line: 102
PersistentStackVisualization.exe Information: 0 : Push (2, 1321) file: \ApplicationViewModel.cs member: AddVersion line: 102
PersistentStackVisualization.exe Information: 0 : Pop (2) file: \ApplicationViewModel.cs member: PopCommand line: 138
PersistentStackVisualization.exe Information: 0 : Destroy stack and clear paint area file: \ApplicationViewModel.cs member: DestroyStack line: 176
PersistentStackVisualization.exe Error: 0 : # ERROR Version dose not exist file: \ApplicationViewModel.cs member: AddVersion line: 109
PersistentStackVisualization.exe Information: 0 : Push (0, 1321) file: \ApplicationViewModel.cs member: AddVersion line: 102
PersistentStackVisualization.exe Information: 0 : Console has cleaned file: \ApplicationViewModel.cs member: CleanConsole line: 237
PersistentStackVisualization.exe Information: 0 : 

Start app

 file: \MainWindow.xaml.cs member: .ctor line: 15
PersistentStackVisualization.exe Information: 0 : 

Start app

 file: \MainWindow.xaml.cs member: .ctor line: 17
PersistentStackVisualization.exe Information: 0 : 

Start app

 file: \MainWindow.xaml.cs member: .ctor line: 17
PersistentStackVisualization.exe Information: 0 : 

Start app

 file: \MainWindow.xaml.cs member: .ctor line: 17
PersistentStackVisualization.exe Information: 0 : 

Start app

 file: \MainWindow.xaml.cs member: .ctor line: 17
PersistentStackVisualization.exe Information: 0 : 

Start app

 file: \MainWindow.xaml.cs member: .ctor line: 17
PersistentStackVisualization.exe Information: 0 : 

Start app

 file: \MainWindow.xaml.cs member: .ctor line: 17
PersistentStackVisualization.exe Information: 0 : 

Start app

 file: \MainWindow.xaml.cs member: .ctor line: 17
PersistentStackVisualization.exe Information: 0 : 

Start app

 file: \MainWindow.xaml.cs member: .ctor line: 17
PersistentStackVisualization.exe Information: 0 : 

Start app

 file: \MainWindow.xaml.cs member: .ctor line: 17
PersistentStackVisualization.exe Information: 0 : 

Start app

 file: \MainWindow.xaml.cs member: .ctor line: 17
PersistentStackVisualization.exe Information: 0 : 

Start app

 file: \MainWindow.xaml.cs member: .ctor line: 17
PersistentStackVisualization.exe Information: 0 : Push (0, 1) file: \ApplicationViewModel.cs member: AddVersion line: 102
PersistentStackVisualization.exe Information: 0 : Push (1, 2) file: \ApplicationViewModel.cs member: AddVersion line: 102
PersistentStackVisualization.exe Information: 0 : Push (1, 4) file: \ApplicationViewModel.cs member: AddVersion line: 102
PersistentStackVisualization.exe Information: 0 : 

Start app

 file: \MainWindow.xaml.cs member: .ctor line: 17
PersistentStackVisualization.exe Information: 0 : Push (0, 1) file: \ApplicationViewModel.cs member: AddVersion line: 102
PersistentStackVisualization.exe Information: 0 : Push (1, 2) file: \ApplicationViewModel.cs member: AddVersion line: 102
PersistentStackVisualization.exe Information: 0 : Push (2, 3) file: \ApplicationViewModel.cs member: AddVersion line: 102
PersistentStackVisualization.exe Information: 0 : Pop (2) file: \ApplicationViewModel.cs member: PopCommand line: 139
PersistentStackVisualization.exe Information: 0 : Pop (3) file: \ApplicationViewModel.cs member: PopCommand line: 139
PersistentStackVisualization.exe Error: 0 : # ERROR Version dose not exist file: \ApplicationViewModel.cs member: PopCommand line: 145
PersistentStackVisualization.exe Error: 0 : # ERROR Version dose not exist file: \ApplicationViewModel.cs member: PopCommand line: 145
PersistentStackVisualization.exe Error: 0 : # ERROR Version dose not exist file: \ApplicationViewModel.cs member: PopCommand line: 145
PersistentStackVisualization.exe Information: 0 : 

Start app

 file: \MainWindow.xaml.cs member: .ctor line: 17
PersistentStackVisualization.exe Information: 0 : Push (0, 1) file: \ApplicationViewModel.cs member: AddVersion line: 102
PersistentStackVisualization.exe Information: 0 : Push (1, 2) file: \ApplicationViewModel.cs member: AddVersion line: 102
PersistentStackVisualization.exe Information: 0 : Push (2, 3) file: \ApplicationViewModel.cs member: AddVersion line: 102
PersistentStackVisualization.exe Information: 0 : Pop (3) file: \ApplicationViewModel.cs member: PopCommand line: 139
PersistentStackVisualization.exe Information: 0 : Pop (3) file: \ApplicationViewModel.cs member: PopCommand line: 139
PersistentStackVisualization.exe Information: 0 : Pop (4) file: \ApplicationViewModel.cs member: PopCommand line: 139
PersistentStackVisualization.exe Information: 0 : Pop (6) file: \ApplicationViewModel.cs member: PopCommand line: 139
PersistentStackVisualization.exe Information: 0 : 

Start app

 file: \MainWindow.xaml.cs member: .ctor line: 17
PersistentStackVisualization.exe Information: 0 : Push (0, 1) file: \ApplicationViewModel.cs member: AddVersion line: 102
PersistentStackVisualization.exe Information: 0 : Push (1, 23) file: \ApplicationViewModel.cs member: AddVersion line: 102
PersistentStackVisualization.exe Information: 0 : Pop (2) file: \ApplicationViewModel.cs member: PopCommand line: 139
PersistentStackVisualization.exe Information: 0 : Pop (3) file: \ApplicationViewModel.cs member: PopCommand line: 139
PersistentStackVisualization.exe Information: 0 : 

Start app

 file: \MainWindow.xaml.cs member: .ctor line: 17
PersistentStackVisualization.exe Information: 0 : Push (0, 1) file: \ApplicationViewModel.cs member: AddVersion line: 102
PersistentStackVisualization.exe Information: 0 : Push (1, 2) file: \ApplicationViewModel.cs member: AddVersion line: 102
PersistentStackVisualization.exe Information: 0 : Push (2, 3) file: \ApplicationViewModel.cs member: AddVersion line: 102
PersistentStackVisualization.exe Information: 0 : Destroy stack and clear paint area file: \ApplicationViewModel.cs member: DestroyStack line: 177
PersistentStackVisualization.exe Information: 0 : Destroy stack and clear paint area file: \ApplicationViewModel.cs member: DestroyStack line: 177
PersistentStackVisualization.exe Information: 0 : Destroy stack and clear paint area file: \ApplicationViewModel.cs member: DestroyStack line: 177
PersistentStackVisualization.exe Information: 0 : 

Start app

 file: \MainWindow.xaml.cs member: .ctor line: 17
PersistentStackVisualization.exe Information: 0 : Push (0, 1) file: \ApplicationViewModel.cs member: AddVersion line: 102
PersistentStackVisualization.exe Information: 0 : Push (1, 2) file: \ApplicationViewModel.cs member: AddVersion line: 102
PersistentStackVisualization.exe Information: 0 : Push (2, 3) file: \ApplicationViewModel.cs member: AddVersion line: 102
PersistentStackVisualization.exe Information: 0 : Destroy stack and clear paint area file: \ApplicationViewModel.cs member: DestroyStack line: 178
PersistentStackVisualization.exe Information: 0 : 

Start app

 file: \MainWindow.xaml.cs member: .ctor line: 17
PersistentStackVisualization.exe Information: 0 : 

Start app

 file: \MainWindow.xaml.cs member: .ctor line: 17
PersistentStackVisualization.exe Information: 0 : 

Start app

 file: \MainWindow.xaml.cs member: .ctor line: 17
PersistentStackVisualization.exe Information: 0 : 

Start app

 file: \MainWindow.xaml.cs member: .ctor line: 17
PersistentStackVisualization.exe Information: 0 : 

Start app

 file: \MainWindow.xaml.cs member: .ctor line: 17
PersistentStackVisualization.exe Information: 0 : 

Start app

 file: \MainWindow.xaml.cs member: .ctor line: 17
PersistentStackVisualization.exe Information: 0 : 

Start app

 file: \MainWindow.xaml.cs member: .ctor line: 17
PersistentStackVisualization.exe Information: 0 : 

Start app

 file: \MainWindow.xaml.cs member: .ctor line: 15
PersistentStackVisualization.exe Information: 0 : 

Start app

 file: \MainWindow.xaml.cs member: .ctor line: 15
PersistentStackVisualization.exe Information: 0 : 

Start app

 file: \MainWindow.xaml.cs member: .ctor line: 15
PersistentStackVisualization.exe Information: 0 : 

Start app

 file: \MainWindow.xaml.cs member: .ctor line: 15
PersistentStackVisualization.exe Information: 0 : 

Start app

 file: \MainWindow.xaml.cs member: .ctor line: 15
PersistentStackVisualization.exe Information: 0 : 

Start app

 file: \MainWindow.xaml.cs member: .ctor line: 15
PersistentStackVisualization.exe Information: 0 : 

Start app

 file: \MainWindow.xaml.cs member: .ctor line: 15
PersistentStackVisualization.exe Information: 0 : 

Start app

 file: \MainWindow.xaml.cs member: .ctor line: 15
PersistentStackVisualization.exe Information: 0 : 

Start app

 file: \MainWindow.xaml.cs member: .ctor line: 15
PersistentStackVisualization.exe Information: 0 : 

Start app

 file: \MainWindow.xaml.cs member: .ctor line: 15
PersistentStackVisualization.exe Information: 0 : 

Start app

 file: \MainWindow.xaml.cs member: .ctor line: 15
PersistentStackVisualization.exe Information: 0 : 

Start app

 file: \MainWindow.xaml.cs member: .ctor line: 15
PersistentStackVisualization.exe Information: 0 : Push (0, 123) file: \ApplicationViewModel.cs member: AddVersion line: 102
PersistentStackVisualization.exe Error: 0 : # ERROR Version dose not exist file: \ApplicationViewModel.cs member: AddVersion line: 109
PersistentStackVisualization.exe Information: 0 : Push (0, 123) file: \ApplicationViewModel.cs member: AddVersion line: 102
PersistentStackVisualization.exe Information: 0 : Push (0, 32423) file: \ApplicationViewModel.cs member: AddVersion line: 102
PersistentStackVisualization.exe Information: 0 : Push (1, 32423) file: \ApplicationViewModel.cs member: AddVersion line: 102
PersistentStackVisualization.exe Information: 0 : Push (1, 32423) file: \ApplicationViewModel.cs member: AddVersion line: 102
PersistentStackVisualization.exe Information: 0 : Push (1, 32423) file: \ApplicationViewModel.cs member: AddVersion line: 102
PersistentStackVisualization.exe Information: 0 : Push (1, 32423) file: \ApplicationViewModel.cs member: AddVersion line: 102
PersistentStackVisualization.exe Information: 0 : Push (1, 32423) file: \ApplicationViewModel.cs member: AddVersion line: 102
PersistentStackVisualization.exe Information: 0 : Push (4, 32423) file: \ApplicationViewModel.cs member: AddVersion line: 102
PersistentStackVisualization.exe Information: 0 : Push (4, 1) file: \ApplicationViewModel.cs member: AddVersion line: 102
PersistentStackVisualization.exe Information: 0 : Pop (3) file: \ApplicationViewModel.cs member: PopCommand line: 139
PersistentStackVisualization.exe Information: 0 : Pop (5) file: \ApplicationViewModel.cs member: PopCommand line: 139
PersistentStackVisualization.exe Information: 0 : 

Start app

 file: \MainWindow.xaml.cs member: .ctor line: 15
PersistentStackVisualization.exe Information: 0 : Push (0, 1) file: \ApplicationViewModel.cs member: AddVersion line: 100
PersistentStackVisualization.exe Information: 0 : Push (1, 2) file: \ApplicationViewModel.cs member: AddVersion line: 100
PersistentStackVisualization.exe Information: 0 : 

Start app

 file: \MainWindow.xaml.cs member: .ctor line: 15
PersistentStackVisualization.exe Information: 0 : Push (0, 1) file: \ApplicationViewModel.cs member: AddVersion line: 100
PersistentStackVisualization.exe Information: 0 : Push (1, 2) file: \ApplicationViewModel.cs member: AddVersion line: 100
PersistentStackVisualization.exe Information: 0 : Pop (2) file: \ApplicationViewModel.cs member: PopCommand line: 137
PersistentStackVisualization.exe Information: 0 : 

Start app

 file: \MainWindow.xaml.cs member: .ctor line: 15
PersistentStackVisualization.exe Information: 0 : 

Start app

 file: \MainWindow.xaml.cs member: .ctor line: 15
PersistentStackVisualization.exe Information: 0 : 

Start app

 file: \MainWindow.xaml.cs member: .ctor line: 15
PersistentStackVisualization.exe Information: 0 : 

Start app

 file: \MainWindow.xaml.cs member: .ctor line: 15
PersistentStackVisualization.exe Information: 0 : 

Start app

 file: \MainWindow.xaml.cs member: .ctor line: 15
PersistentStackVisualization.exe Information: 0 : 

Start app

 file: \MainWindow.xaml.cs member: .ctor line: 15
PersistentStackVisualization.exe Information: 0 : Push (0, 1) file: \ApplicationViewModel.cs member: AddVersion line: 101
PersistentStackVisualization.exe Information: 0 : Destroy stack and clear paint area file: \ApplicationViewModel.cs member: DestroyStack line: 177
PersistentStackVisualization.exe Information: 0 : Push (0, 1) file: \ApplicationViewModel.cs member: AddVersion line: 101
PersistentStackVisualization.exe Information: 0 : Push (0, 1) file: \ApplicationViewModel.cs member: AddVersion line: 101
PersistentStackVisualization.exe Information: 0 : Push (0, 1) file: \ApplicationViewModel.cs member: AddVersion line: 101
PersistentStackVisualization.exe Information: 0 : Push (0, 1) file: \ApplicationViewModel.cs member: AddVersion line: 101
PersistentStackVisualization.exe Information: 0 : Destroy stack and clear paint area file: \ApplicationViewModel.cs member: DestroyStack line: 177
PersistentStackVisualization.exe Error: 0 : # ERROR Version dose not exist file: \ApplicationViewModel.cs member: AddVersion line: 108
PersistentStackVisualization.exe Error: 0 : # ERROR Version dose not exist file: \ApplicationViewModel.cs member: AddVersion line: 108
PersistentStackVisualization.exe Information: 0 : 

Start app

 file: \MainWindow.xaml.cs member: .ctor line: 15
PersistentStackVisualization.exe Information: 0 : 

Start app

 file: \MainWindow.xaml.cs member: .ctor line: 15
PersistentStackVisualization.exe Information: 0 : 

Start app

 file: \MainWindow.xaml.cs member: .ctor line: 15
PersistentStackVisualization.exe Information: 0 : 

Start app

 file: \MainWindow.xaml.cs member: .ctor line: 15
PersistentStackVisualization.exe Information: 0 : 

Start app

 file: \MainWindow.xaml.cs member: .ctor line: 15
PersistentStackVisualization.exe Information: 0 : 

Start app

 file: \MainWindow.xaml.cs member: .ctor line: 15
PersistentStackVisualization.exe Information: 0 : 

Start app

 file: \MainWindow.xaml.cs member: .ctor line: 15
PersistentStackVisualization.exe Information: 0 : 

Start app

 file: \MainWindow.xaml.cs member: .ctor line: 15
PersistentStackVisualization.exe Information: 0 : 

Start app

 file: \MainWindow.xaml.cs member: .ctor line: 15
PersistentStackVisualization.exe Information: 0 : 

Start app

 file: \MainWindow.xaml.cs member: .ctor line: 15
PersistentStackVisualization.exe Information: 0 : 

Start app

 file: \MainWindow.xaml.cs member: .ctor line: 15
PersistentStackVisualization.exe Information: 0 : 

Start app

 file: \MainWindow.xaml.cs member: .ctor line: 15
PersistentStackVisualization.exe Information: 0 : 

Start app

 file: \MainWindow.xaml.cs member: .ctor line: 15
PersistentStackVisualization.exe Information: 0 : 

Start app

 file: \MainWindow.xaml.cs member: .ctor line: 15
PersistentStackVisualization.exe Information: 0 : 

Start app

 file: \MainWindow.xaml.cs member: .ctor line: 15
PersistentStackVisualization.exe Information: 0 : 

Start app

 file: \MainWindow.xaml.cs member: .ctor line: 15
PersistentStackVisualization.exe Information: 0 : 

Start app

 file: \MainWindow.xaml.cs member: .ctor line: 15
PersistentStackVisualization.exe Information: 0 : 

Start app

 file: \MainWindow.xaml.cs member: .ctor line: 15
PersistentStackVisualization.exe Information: 0 : 

Start app

 file: \MainWindow.xaml.cs member: .ctor line: 15
PersistentStackVisualization.exe Information: 0 : 

Start app

 file: \MainWindow.xaml.cs member: .ctor line: 15
PersistentStackVisualization.exe Information: 0 : 

Start app

 file: \MainWindow.xaml.cs member: .ctor line: 15
PersistentStackVisualization.exe Information: 0 : 

Start app

 file: \MainWindow.xaml.cs member: .ctor line: 15
PersistentStackVisualization.exe Information: 0 : 

Start app

 file: \MainWindow.xaml.cs member: .ctor line: 15
PersistentStackVisualization.exe Information: 0 : 

Start app

 file: \MainWindow.xaml.cs member: .ctor line: 15
PersistentStackVisualization.exe Information: 0 : 

Start app

 file: \MainWindow.xaml.cs member: .ctor line: 15
PersistentStackVisualization.exe Information: 0 : 

Start app

 file: \MainWindow.xaml.cs member: .ctor line: 15
PersistentStackVisualization.exe Information: 0 : 

Start app

 file: \MainWindow.xaml.cs member: .ctor line: 15
PersistentStackVisualization.exe Information: 0 : 

Start app

 file: \MainWindow.xaml.cs member: .ctor line: 15
PersistentStackVisualization.exe Information: 0 : 

Start app

 file: \MainWindow.xaml.cs member: .ctor line: 15
PersistentStackVisualization.exe Information: 0 : 

Start app

 file: \MainWindow.xaml.cs member: .ctor line: 15
PersistentStackVisualization.exe Information: 0 : 

Start app

 file: \MainWindow.xaml.cs member: .ctor line: 15
PersistentStackVisualization.exe Information: 0 : 

Start app

 file: \MainWindow.xaml.cs member: .ctor line: 15
PersistentStackVisualization.exe Information: 0 : 

Start app

 file: \MainWindow.xaml.cs member: .ctor line: 15
PersistentStackVisualization.exe Information: 0 : 

Start app

 file: \MainWindow.xaml.cs member: .ctor line: 15
PersistentStackVisualization.exe Information: 0 : 

Start app

 file: \MainWindow.xaml.cs member: .ctor line: 15
PersistentStackVisualization.exe Information: 0 : 

Start app

 file: \MainWindow.xaml.cs member: .ctor line: 15
PersistentStackVisualization.exe Information: 0 : 

Start app

 file: \MainWindow.xaml.cs member: .ctor line: 15
PersistentStackVisualization.exe Error: 0 : # ERROR Version dose not exist file: \ApplicationViewModel.cs member: AddVersion line: 156
PersistentStackVisualization.exe Error: 0 : # ERROR Version dose not exist file: \ApplicationViewModel.cs member: AddVersion line: 156
PersistentStackVisualization.exe Information: 0 : 

Start app

 file: \MainWindow.xaml.cs member: .ctor line: 15
PersistentStackVisualization.exe Error: 0 : # ERROR Version dose not exist file: \ApplicationViewModel.cs member: AddVersion line: 156
PersistentStackVisualization.exe Error: 0 : # ERROR Version dose not exist file: \ApplicationViewModel.cs member: AddVersion line: 156
PersistentStackVisualization.exe Information: 0 : 

Start app

 file: \MainWindow.xaml.cs member: .ctor line: 15
PersistentStackVisualization.exe Information: 0 : Push (0, 1) file: \ApplicationViewModel.cs member: AddVersion line: 150
PersistentStackVisualization.exe Information: 0 : Push (1, 2) file: \ApplicationViewModel.cs member: AddVersion line: 150
PersistentStackVisualization.exe Information: 0 : 

Start app

 file: \MainWindow.xaml.cs member: .ctor line: 15
PersistentStackVisualization.exe Information: 0 : Push (0, 1) file: \ApplicationViewModel.cs member: AddVersion line: 150
PersistentStackVisualization.exe Information: 0 : Push (1, 2) file: \ApplicationViewModel.cs member: AddVersion line: 150
PersistentStackVisualization.exe Information: 0 : Pop (1) file: \ApplicationViewModel.cs member: PopCommand line: 187
PersistentStackVisualization.exe Information: 0 : Push (0, 1) file: \ApplicationViewModel.cs member: AddVersion line: 150
PersistentStackVisualization.exe Information: 0 : Push (1, 2) file: \ApplicationViewModel.cs member: AddVersion line: 150
PersistentStackVisualization.exe Information: 0 : Pop (1) file: \ApplicationViewModel.cs member: PopCommand line: 187
PersistentStackVisualization.exe Information: 0 : 

Start app

 file: \MainWindow.xaml.cs member: .ctor line: 15
PersistentStackVisualization.exe Information: 0 : 

Start app

 file: \MainWindow.xaml.cs member: .ctor line: 15
PersistentStackVisualization.exe Information: 0 : Push (0, 1) file: \ApplicationViewModel.cs member: AddVersion line: 150
PersistentStackVisualization.exe Information: 0 : Push (1, 2) file: \ApplicationViewModel.cs member: AddVersion line: 150
PersistentStackVisualization.exe Information: 0 : Pop (1) file: \ApplicationViewModel.cs member: PopCommand line: 187
PersistentStackVisualization.exe Information: 0 : Push (0, 1) file: \ApplicationViewModel.cs member: AddVersion line: 150
PersistentStackVisualization.exe Information: 0 : Push (1, 2) file: \ApplicationViewModel.cs member: AddVersion line: 150
PersistentStackVisualization.exe Information: 0 : Pop (1) file: \ApplicationViewModel.cs member: PopCommand line: 187
PersistentStackVisualization.exe Information: 0 : 

Start app

 file: \MainWindow.xaml.cs member: .ctor line: 15
PersistentStackVisualization.exe Information: 0 : Push (0, 1) file: \ApplicationViewModel.cs member: AddVersion line: 150
PersistentStackVisualization.exe Information: 0 : Push (1, 2) file: \ApplicationViewModel.cs member: AddVersion line: 150
PersistentStackVisualization.exe Information: 0 : Pop (1) file: \ApplicationViewModel.cs member: PopCommand line: 187
PersistentStackVisualization.exe Information: 0 : Push (1, 3) file: \ApplicationViewModel.cs member: AddVersion line: 150
PersistentStackVisualization.exe Information: 0 : 

Start app

 file: \MainWindow.xaml.cs member: .ctor line: 15
